Release 14.7 - xst P.20131013 (nt64)
Copyright (c) 1995-2013 Xilinx, Inc.  All rights reserved.
--> Parameter TMPDIR set to xst/projnav.tmp


Total REAL time to Xst completion: 0.00 secs
Total CPU time to Xst completion: 0.08 secs
 
--> Parameter xsthdpdir set to xst


Total REAL time to Xst completion: 0.00 secs
Total CPU time to Xst completion: 0.08 secs
 
--> Reading design: SR_flip_flop.prj

TABLE OF CONTENTS
  1) Synthesis Options Summary
  2) HDL Compilation
  3) Design Hierarchy Analysis
  4) HDL Analysis
  5) HDL Synthesis
     5.1) HDL Synthesis Report
  6) Advanced HDL Synthesis
     6.1) Advanced HDL Synthesis Report
  7) Low Level Synthesis
  8) Partition Report
  9) Final Report
	9.1) Device utilization summary
	9.2) Partition Resource Summary
	9.3) TIMING REPORT


=========================================================================
*                      Synthesis Options Summary                        *
=========================================================================
---- Source Parameters
Input File Name                    : "SR_flip_flop.prj"
Input Format                       : mixed
Ignore Synthesis Constraint File   : NO

---- Target Parameters
Output File Name                   : "SR_flip_flop"
Output Format                      : NGC
Target Device                      : xc3s50-5-pq208

---- Source Options
Top Module Name                    : SR_flip_flop
Automatic FSM Extraction           : YES
FSM Encoding Algorithm             : Auto
Safe Implementation                : No
FSM Style                          : LUT
RAM Extraction                     : Yes
RAM Style                          : Auto
ROM Extraction                     : Yes
Mux Style                          : Auto
Decoder Extraction                 : YES
Priority Encoder Extraction        : Yes
Shift Register Extraction          : YES
Logical Shifter Extraction         : YES
XOR Collapsing                     : YES
ROM Style                          : Auto
Mux Extraction                     : Yes
Resource Sharing                   : YES
Asynchronous To Synchronous        : NO
Multiplier Style                   : Auto
Automatic Register Balancing       : No

---- Target Options
Add IO Buffers                     : YES
Global Maximum Fanout              : 100000
Add Generic Clock Buffer(BUFG)     : 8
Register Duplication               : YES
Slice Packing                      : YES
Optimize Instantiated Primitives   : NO
Use Clock Enable                   : Yes
Use Synchronous Set                : Yes
Use Synchronous Reset              : Yes
Pack IO Registers into IOBs        : Auto
Equivalent register Removal        : YES

---- General Options
Optimization Goal                  : Speed
Optimization Effort                : 1
Keep Hierarchy                     : No
Netlist Hierarchy                  : As_Optimized
RTL Output                         : Yes
Global Optimization                : AllClockNets
Read Cores                         : YES
Write Timing Constraints           : NO
Cross Clock Analysis               : NO
Hierarchy Separator                : /
Bus Delimiter                      : <>
Case Specifier                     : Maintain
Slice Utilization Ratio            : 100
BRAM Utilization Ratio             : 100
Verilog 2001                       : YES
Auto BRAM Packing                  : NO
Slice Utilization Ratio Delta      : 5

=========================================================================


=========================================================================
*                          HDL Compilation                              *
=========================================================================
Compiling vhdl file "E:/xili/SR_flip_flop/SR_flip_flop.vhd" in Library work.
Architecture behavioral of Entity sr_flip_flop is up to date.

=========================================================================
*                     Design Hierarchy Analysis                         *
=========================================================================
Analyzing hierarchy for entity <SR_flip_flop> in library <work> (architecture <behavioral>).


=========================================================================
*                            HDL Analysis                               *
=========================================================================
Analyzing Entity <SR_flip_flop> in library <work> (Architecture <behavioral>).
Entity <SR_flip_flop> analyzed. Unit <SR_flip_flop> generated.


=========================================================================
*                           HDL Synthesis                               *
=========================================================================

Performing bidirectional port resolution...

Synthesizing Unit <SR_flip_flop>.
    Related source file is "E:/xili/SR_flip_flop/SR_flip_flop.vhd".
    Found 1-bit register for signal <Mtridata_tmp> created at line 48.
    Found 1-bit register for signal <Mtrien_tmp> created at line 48.
    Found 1-bit tristate buffer for signal <tmp>.
    Summary:
	inferred   2 D-type flip-flop(s).
	inferred   1 Tristate(s).
Unit <SR_flip_flop> synthesized.


=========================================================================
HDL Synthesis Report

Macro Statistics
# Registers                                            : 2
 1-bit register                                        : 2
# Tristates                                            : 1
 1-bit tristate buffer                                 : 1

=========================================================================

=========================================================================
*                       Advanced HDL Synthesis                          *
=========================================================================


=========================================================================
Advanced HDL Synthesis Report

Macro Statistics
# Registers                                            : 2
 Flip-Flops                                            : 2

=========================================================================

=========================================================================
*                         Low Level Synthesis                           *
=========================================================================
WARNING:Xst:2041 - Unit SR_flip_flop: 1 internal tristate is replaced by logic (pull-up yes): N2.

Optimizing unit <SR_flip_flop> ...

Mapping all equations...
Building and optimizing final netlist ...
Found area constraint ratio of 100 (+ 5) on block SR_flip_flop, actual ratio is 0.
FlipFlop Mtridata_tmp has been replicated 1 time(s) to handle iob=true attribute.
FlipFlop Mtrien_tmp has been replicated 1 time(s) to handle iob=true attribute.

Final Macro Processing ...

=========================================================================
Final Register Report

Macro Statistics
# Registers                                            : 4
 Flip-Flops                                            : 4

=========================================================================

=========================================================================
*                           Partition Report                            *
=========================================================================

Partition Implementation Status
-------------------------------

  No Partitions were found in this design.

-------------------------------

=========================================================================
*                            Final Report                               *
=========================================================================
Final Results
RTL Top Level Output File Name     : SR_flip_flop.ngr
Top Level Output File Name         : SR_flip_flop
Output Format                      : NGC
Optimization Goal                  : Speed
Keep Hierarchy                     : No

Design Statistics
# IOs                              : 5

Cell Usage :
# BELS                             : 4
#      LUT2                        : 4
# FlipFlops/Latches                : 4
#      FDE                         : 4
# Clock Buffers                    : 1
#      BUFGP                       : 1
# IO Buffers                       : 4
#      IBUF                        : 2
#      OBUF                        : 1
#      OBUFT                       : 1
=========================================================================

Device utilization summary:
---------------------------

Selected Device : 3s50pq208-5 

 Number of Slices:                        2  out of    768     0%  
 Number of Slice Flip Flops:              2  out of   1536     0%  
 Number of 4 input LUTs:                  4  out of   1536     0%  
 Number of IOs:                           5
 Number of bonded IOBs:                   5  out of    124     4%  
    IOB Flip Flops:                       2
 Number of GCLKs:                         1  out of      8    12%  

---------------------------
Partition Resource Summary:
---------------------------

  No Partitions were found in this design.

---------------------------


=========================================================================
TIMING REPORT

NOTE: THESE TIMING NUMBERS ARE ONLY A SYNTHESIS ESTIMATE.
      FOR ACCURATE TIMING INFORMATION PLEASE REFER TO THE TRACE REPORT
      GENERATED AFTER PLACE-and-ROUTE.

Clock Information:
------------------
-----------------------------------+------------------------+-------+
Clock Signal                       | Clock buffer(FF name)  | Load  |
-----------------------------------+------------------------+-------+
CLK                                | BUFGP                  | 4     |
-----------------------------------+------------------------+-------+

Asynchronous Control Signals Information:
----------------------------------------
No asynchronous control signals found in this design

Timing Summary:
---------------
Speed Grade: -5

   Minimum period: No path found
   Minimum input arrival time before clock: 3.563ns
   Maximum output required time after clock: 7.671ns
   Maximum combinational path delay: No path found

Timing Detail:
--------------
All values displayed in nanoseconds (ns)

=========================================================================
Timing constraint: Default OFFSET IN BEFORE for Clock 'CLK'
  Total number of paths / destination ports: 16 / 8
-------------------------------------------------------------------------
Offset:              3.563ns (Levels of Logic = 2)
  Source:            S (PAD)
  Destination:       Mtridata_tmp (FF)
  Destination Clock: CLK rising

  Data Path: S to Mtridata_tmp
                                Gate     Net
    Cell:in->out      fanout   Delay   Delay  Logical Name (Net Name)
    ----------------------------------------  ------------
     IBUF:I->O             3   0.715   1.066  S_IBUF (S_IBUF)
     LUT2:I0->O            4   0.479   0.779  Mtridata_tmp_not00011 (Mtridata_tmp_not0001)
     FDE:CE                    0.524          Mtridata_tmp
    ----------------------------------------
    Total                      3.563ns (1.718ns logic, 1.845ns route)
                                       (48.2% logic, 51.8% route)

=========================================================================
Timing constraint: Default OFFSET OUT AFTER for Clock 'CLK'
  Total number of paths / destination ports: 4 / 2
-------------------------------------------------------------------------
Offset:              7.671ns (Levels of Logic = 2)
  Source:            Mtridata_tmp (FF)
  Destination:       Q_bar (PAD)
  Source Clock:      CLK rising

  Data Path: Mtridata_tmp to Q_bar
                                Gate     Net
    Cell:in->out      fanout   Delay   Delay  Logical Name (Net Name)
    ----------------------------------------  ------------
     FDE:C->Q              1   0.626   0.976  Mtridata_tmp (Mtridata_tmp)
     LUT2:I0->O            1   0.479   0.681  Q_bar1 (Q_bar_OBUF)
     OBUF:I->O                 4.909          Q_bar_OBUF (Q_bar)
    ----------------------------------------
    Total                      7.671ns (6.014ns logic, 1.657ns route)
                                       (78.4% logic, 21.6% route)

=========================================================================


Total REAL time to Xst completion: 3.00 secs
Total CPU time to Xst completion: 2.65 secs
 
--> 

Total memory usage is 4499392 kilobytes

Number of errors   :    0 (   0 filtered)
Number of warnings :    1 (   0 filtered)
Number of infos    :    0 (   0 filtered)

